<?xml version="1.0" encoding="UTF-8"?>
<testsuite xmlns:xsi="http://www.w3.org/2001/XMLSchema-instance" xsi:noNamespaceSchemaLocation="https://maven.apache.org/surefire/maven-surefire-plugin/xsd/surefire-test-report.xsd" name="ESTest" time="8.736" tests="1" errors="0" skipped="0" failures="0">
  <properties>
    <property name="gopherProxySet" value="false"/>
    <property name="awt.toolkit" value="sun.lwawt.macosx.LWCToolkit"/>
    <property name="file.encoding.pkg" value="sun.io"/>
    <property name="java.specification.version" value="1.8"/>
    <property name="sun.cpu.isalist" value=""/>
    <property name="sun.jnu.encoding" value="UTF-8"/>
    <property name="java.class.path" value="/Users/zhuerchong/Desktop/code/idea/foodie-dev/foodie-search/target/test-classes:/Users/zhuerchong/Desktop/code/idea/foodie-dev/foodie-search/target/classes:/Users/zhuerchong/.m2/repository/org/springframework/boot/spring-boot-starter-data-elasticsearch/2.1.5.RELEASE/spring-boot-starter-data-elasticsearch-2.1.5.RELEASE.jar:/Users/zhuerchong/.m2/repository/org/springframework/data/spring-data-elasticsearch/3.1.8.RELEASE/spring-data-elasticsearch-3.1.8.RELEASE.jar:/Users/zhuerchong/.m2/repository/org/springframework/spring-context/5.1.7.RELEASE/spring-context-5.1.7.RELEASE.jar:/Users/zhuerchong/.m2/repository/org/springframework/spring-tx/5.1.7.RELEASE/spring-tx-5.1.7.RELEASE.jar:/Users/zhuerchong/.m2/repository/org/springframework/data/spring-data-commons/2.1.8.RELEASE/spring-data-commons-2.1.8.RELEASE.jar:/Users/zhuerchong/.m2/repository/joda-time/joda-time/2.10.2/joda-time-2.10.2.jar:/Users/zhuerchong/.m2/repository/org/elasticsearch/client/transport/6.4.3/transport-6.4.3.jar:/Users/zhuerchong/.m2/repository/org/elasticsearch/elasticsearch/6.4.3/elasticsearch-6.4.3.jar:/Users/zhuerchong/.m2/repository/org/elasticsearch/elasticsearch-core/6.4.3/elasticsearch-core-6.4.3.jar:/Users/zhuerchong/.m2/repository/org/elasticsearch/elasticsearch-secure-sm/6.4.3/elasticsearch-secure-sm-6.4.3.jar:/Users/zhuerchong/.m2/repository/org/elasticsearch/elasticsearch-x-content/6.4.3/elasticsearch-x-content-6.4.3.jar:/Users/zhuerchong/.m2/repository/com/fasterxml/jackson/dataformat/jackson-dataformat-smile/2.9.8/jackson-dataformat-smile-2.9.8.jar:/Users/zhuerchong/.m2/repository/com/fasterxml/jackson/dataformat/jackson-dataformat-yaml/2.9.8/jackson-dataformat-yaml-2.9.8.jar:/Users/zhuerchong/.m2/repository/com/fasterxml/jackson/dataformat/jackson-dataformat-cbor/2.9.8/jackson-dataformat-cbor-2.9.8.jar:/Users/zhuerchong/.m2/repository/org/apache/lucene/lucene-core/7.4.0/lucene-core-7.4.0.jar:/Users/zhuerchong/.m2/repository/org/apache/lucene/lucene-analyzers-common/7.4.0/lucene-analyzers-common-7.4.0.jar:/Users/zhuerchong/.m2/repository/org/apache/lucene/lucene-backward-codecs/7.4.0/lucene-backward-codecs-7.4.0.jar:/Users/zhuerchong/.m2/repository/org/apache/lucene/lucene-grouping/7.4.0/lucene-grouping-7.4.0.jar:/Users/zhuerchong/.m2/repository/org/apache/lucene/lucene-highlighter/7.4.0/lucene-highlighter-7.4.0.jar:/Users/zhuerchong/.m2/repository/org/apache/lucene/lucene-join/7.4.0/lucene-join-7.4.0.jar:/Users/zhuerchong/.m2/repository/org/apache/lucene/lucene-memory/7.4.0/lucene-memory-7.4.0.jar:/Users/zhuerchong/.m2/repository/org/apache/lucene/lucene-misc/7.4.0/lucene-misc-7.4.0.jar:/Users/zhuerchong/.m2/repository/org/apache/lucene/lucene-queries/7.4.0/lucene-queries-7.4.0.jar:/Users/zhuerchong/.m2/repository/org/apache/lucene/lucene-queryparser/7.4.0/lucene-queryparser-7.4.0.jar:/Users/zhuerchong/.m2/repository/org/apache/lucene/lucene-sandbox/7.4.0/lucene-sandbox-7.4.0.jar:/Users/zhuerchong/.m2/repository/org/apache/lucene/lucene-spatial/7.4.0/lucene-spatial-7.4.0.jar:/Users/zhuerchong/.m2/repository/org/apache/lucene/lucene-spatial-extras/7.4.0/lucene-spatial-extras-7.4.0.jar:/Users/zhuerchong/.m2/repository/org/apache/lucene/lucene-spatial3d/7.4.0/lucene-spatial3d-7.4.0.jar:/Users/zhuerchong/.m2/repository/org/apache/lucene/lucene-suggest/7.4.0/lucene-suggest-7.4.0.jar:/Users/zhuerchong/.m2/repository/org/elasticsearch/elasticsearch-cli/6.4.3/elasticsearch-cli-6.4.3.jar:/Users/zhuerchong/.m2/repository/net/sf/jopt-simple/jopt-simple/5.0.2/jopt-simple-5.0.2.jar:/Users/zhuerchong/.m2/repository/com/carrotsearch/hppc/0.7.1/hppc-0.7.1.jar:/Users/zhuerchong/.m2/repository/com/tdunning/t-digest/3.2/t-digest-3.2.jar:/Users/zhuerchong/.m2/repository/org/hdrhistogram/HdrHistogram/2.1.9/HdrHistogram-2.1.9.jar:/Users/zhuerchong/.m2/repository/org/apache/logging/log4j/log4j-api/2.11.2/log4j-api-2.11.2.jar:/Users/zhuerchong/.m2/repository/org/elasticsearch/jna/4.5.1/jna-4.5.1.jar:/Users/zhuerchong/.m2/repository/org/elasticsearch/plugin/reindex-client/6.4.3/reindex-client-6.4.3.jar:/Users/zhuerchong/.m2/repository/org/elasticsearch/client/elasticsearch-rest-client/6.4.3/elasticsearch-rest-client-6.4.3.jar:/Users/zhuerchong/.m2/repository/org/apache/httpcomponents/httpclient/4.5.8/httpclient-4.5.8.jar:/Users/zhuerchong/.m2/repository/org/apache/httpcomponents/httpcore/4.4.11/httpcore-4.4.11.jar:/Users/zhuerchong/.m2/repository/org/apache/httpcomponents/httpasyncclient/4.1.4/httpasyncclient-4.1.4.jar:/Users/zhuerchong/.m2/repository/org/apache/httpcomponents/httpcore-nio/4.4.11/httpcore-nio-4.4.11.jar:/Users/zhuerchong/.m2/repository/org/elasticsearch/plugin/lang-mustache-client/6.4.3/lang-mustache-client-6.4.3.jar:/Users/zhuerchong/.m2/repository/com/github/spullara/mustache/java/compiler/0.9.3/compiler-0.9.3.jar:/Users/zhuerchong/.m2/repository/org/elasticsearch/plugin/percolator-client/6.4.3/percolator-client-6.4.3.jar:/Users/zhuerchong/.m2/repository/org/elasticsearch/plugin/parent-join-client/6.4.3/parent-join-client-6.4.3.jar:/Users/zhuerchong/.m2/repository/org/elasticsearch/plugin/rank-eval-client/6.4.3/rank-eval-client-6.4.3.jar:/Users/zhuerchong/.m2/repository/com/fasterxml/jackson/core/jackson-core/2.9.8/jackson-core-2.9.8.jar:/Users/zhuerchong/.m2/repository/com/fasterxml/jackson/core/jackson-databind/2.9.8/jackson-databind-2.9.8.jar:/Users/zhuerchong/.m2/repository/org/elasticsearch/plugin/transport-netty4-client/6.4.3/transport-netty4-client-6.4.3.jar:/Users/zhuerchong/.m2/repository/io/netty/netty-buffer/4.1.36.Final/netty-buffer-4.1.36.Final.jar:/Users/zhuerchong/.m2/repository/io/netty/netty-codec/4.1.36.Final/netty-codec-4.1.36.Final.jar:/Users/zhuerchong/.m2/repository/io/netty/netty-codec-http/4.1.36.Final/netty-codec-http-4.1.36.Final.jar:/Users/zhuerchong/.m2/repository/io/netty/netty-resolver/4.1.36.Final/netty-resolver-4.1.36.Final.jar:/Users/zhuerchong/.m2/repository/org/springframework/boot/spring-boot-starter-test/2.1.5.RELEASE/spring-boot-starter-test-2.1.5.RELEASE.jar:/Users/zhuerchong/.m2/repository/org/springframework/boot/spring-boot-test/2.1.5.RELEASE/spring-boot-test-2.1.5.RELEASE.jar:/Users/zhuerchong/.m2/repository/org/springframework/boot/spring-boot-test-autoconfigure/2.1.5.RELEASE/spring-boot-test-autoconfigure-2.1.5.RELEASE.jar:/Users/zhuerchong/.m2/repository/com/jayway/jsonpath/json-path/2.4.0/json-path-2.4.0.jar:/Users/zhuerchong/.m2/repository/net/minidev/json-smart/2.3/json-smart-2.3.jar:/Users/zhuerchong/.m2/repository/net/minidev/accessors-smart/1.2/accessors-smart-1.2.jar:/Users/zhuerchong/.m2/repository/org/ow2/asm/asm/5.0.4/asm-5.0.4.jar:/Users/zhuerchong/.m2/repository/junit/junit/4.12/junit-4.12.jar:/Users/zhuerchong/.m2/repository/org/assertj/assertj-core/3.11.1/assertj-core-3.11.1.jar:/Users/zhuerchong/.m2/repository/org/mockito/mockito-core/2.23.4/mockito-core-2.23.4.jar:/Users/zhuerchong/.m2/repository/net/bytebuddy/byte-buddy/1.9.12/byte-buddy-1.9.12.jar:/Users/zhuerchong/.m2/repository/net/bytebuddy/byte-buddy-agent/1.9.12/byte-buddy-agent-1.9.12.jar:/Users/zhuerchong/.m2/repository/org/objenesis/objenesis/2.6/objenesis-2.6.jar:/Users/zhuerchong/.m2/repository/org/hamcrest/hamcrest-core/1.3/hamcrest-core-1.3.jar:/Users/zhuerchong/.m2/repository/org/hamcrest/hamcrest-library/1.3/hamcrest-library-1.3.jar:/Users/zhuerchong/.m2/repository/org/skyscreamer/jsonassert/1.5.0/jsonassert-1.5.0.jar:/Users/zhuerchong/.m2/repository/com/vaadin/external/google/android-json/0.0.20131108.vaadin1/android-json-0.0.20131108.vaadin1.jar:/Users/zhuerchong/.m2/repository/org/springframework/spring-core/5.1.7.RELEASE/spring-core-5.1.7.RELEASE.jar:/Users/zhuerchong/.m2/repository/org/springframework/spring-jcl/5.1.7.RELEASE/spring-jcl-5.1.7.RELEASE.jar:/Users/zhuerchong/.m2/repository/org/springframework/spring-test/5.1.7.RELEASE/spring-test-5.1.7.RELEASE.jar:/Users/zhuerchong/.m2/repository/org/xmlunit/xmlunit-core/2.6.2/xmlunit-core-2.6.2.jar:/Users/zhuerchong/.m2/repository/org/springframework/boot/spring-boot-starter/2.1.5.RELEASE/spring-boot-starter-2.1.5.RELEASE.jar:/Users/zhuerchong/.m2/repository/org/springframework/boot/spring-boot/2.1.5.RELEASE/spring-boot-2.1.5.RELEASE.jar:/Users/zhuerchong/.m2/repository/org/springframework/boot/spring-boot-autoconfigure/2.1.5.RELEASE/spring-boot-autoconfigure-2.1.5.RELEASE.jar:/Users/zhuerchong/.m2/repository/javax/annotation/javax.annotation-api/1.3.2/javax.annotation-api-1.3.2.jar:/Users/zhuerchong/.m2/repository/org/yaml/snakeyaml/1.23/snakeyaml-1.23.jar:/Users/zhuerchong/.m2/repository/org/springframework/boot/spring-boot-starter-web/2.1.5.RELEASE/spring-boot-starter-web-2.1.5.RELEASE.jar:/Users/zhuerchong/.m2/repository/org/springframework/boot/spring-boot-starter-json/2.1.5.RELEASE/spring-boot-starter-json-2.1.5.RELEASE.jar:/Users/zhuerchong/.m2/repository/com/fasterxml/jackson/datatype/jackson-datatype-jdk8/2.9.8/jackson-datatype-jdk8-2.9.8.jar:/Users/zhuerchong/.m2/repository/com/fasterxml/jackson/datatype/jackson-datatype-jsr310/2.9.8/jackson-datatype-jsr310-2.9.8.jar:/Users/zhuerchong/.m2/repository/com/fasterxml/jackson/module/jackson-module-parameter-names/2.9.8/jackson-module-parameter-names-2.9.8.jar:/Users/zhuerchong/.m2/repository/org/springframework/boot/spring-boot-starter-tomcat/2.1.5.RELEASE/spring-boot-starter-tomcat-2.1.5.RELEASE.jar:/Users/zhuerchong/.m2/repository/org/apache/tomcat/embed/tomcat-embed-core/9.0.19/tomcat-embed-core-9.0.19.jar:/Users/zhuerchong/.m2/repository/org/apache/tomcat/embed/tomcat-embed-el/9.0.19/tomcat-embed-el-9.0.19.jar:/Users/zhuerchong/.m2/repository/org/apache/tomcat/embed/tomcat-embed-websocket/9.0.19/tomcat-embed-websocket-9.0.19.jar:/Users/zhuerchong/.m2/repository/org/hibernate/validator/hibernate-validator/6.0.16.Final/hibernate-validator-6.0.16.Final.jar:/Users/zhuerchong/.m2/repository/javax/validation/validation-api/2.0.1.Final/validation-api-2.0.1.Final.jar:/Users/zhuerchong/.m2/repository/org/jboss/logging/jboss-logging/3.3.2.Final/jboss-logging-3.3.2.Final.jar:/Users/zhuerchong/.m2/repository/org/springframework/spring-web/5.1.7.RELEASE/spring-web-5.1.7.RELEASE.jar:/Users/zhuerchong/.m2/repository/org/springframework/spring-beans/5.1.7.RELEASE/spring-beans-5.1.7.RELEASE.jar:/Users/zhuerchong/.m2/repository/org/springframework/spring-webmvc/5.1.7.RELEASE/spring-webmvc-5.1.7.RELEASE.jar:/Users/zhuerchong/.m2/repository/org/springframework/spring-expression/5.1.7.RELEASE/spring-expression-5.1.7.RELEASE.jar:/Users/zhuerchong/.m2/repository/org/springframework/boot/spring-boot-configuration-processor/2.1.5.RELEASE/spring-boot-configuration-processor-2.1.5.RELEASE.jar:/Users/zhuerchong/.m2/repository/org/springframework/boot/spring-boot-starter-aop/2.1.5.RELEASE/spring-boot-starter-aop-2.1.5.RELEASE.jar:/Users/zhuerchong/.m2/repository/org/springframework/spring-aop/5.1.7.RELEASE/spring-aop-5.1.7.RELEASE.jar:/Users/zhuerchong/.m2/repository/org/aspectj/aspectjweaver/1.9.4/aspectjweaver-1.9.4.jar:/Users/zhuerchong/.m2/repository/mysql/mysql-connector-java/5.1.41/mysql-connector-java-5.1.41.jar:/Users/zhuerchong/.m2/repository/io/springfox/springfox-swagger2/2.4.0/springfox-swagger2-2.4.0.jar:/Users/zhuerchong/.m2/repository/io/swagger/swagger-annotations/1.5.6/swagger-annotations-1.5.6.jar:/Users/zhuerchong/.m2/repository/io/swagger/swagger-models/1.5.6/swagger-models-1.5.6.jar:/Users/zhuerchong/.m2/repository/com/fasterxml/jackson/core/jackson-annotations/2.9.0/jackson-annotations-2.9.0.jar:/Users/zhuerchong/.m2/repository/io/springfox/springfox-spi/2.4.0/springfox-spi-2.4.0.jar:/Users/zhuerchong/.m2/repository/io/springfox/springfox-core/2.4.0/springfox-core-2.4.0.jar:/Users/zhuerchong/.m2/repository/io/springfox/springfox-schema/2.4.0/springfox-schema-2.4.0.jar:/Users/zhuerchong/.m2/repository/io/springfox/springfox-swagger-common/2.4.0/springfox-swagger-common-2.4.0.jar:/Users/zhuerchong/.m2/repository/io/springfox/springfox-spring-web/2.4.0/springfox-spring-web-2.4.0.jar:/Users/zhuerchong/.m2/repository/com/google/guava/guava/18.0/guava-18.0.jar:/Users/zhuerchong/.m2/repository/com/fasterxml/classmate/1.4.0/classmate-1.4.0.jar:/Users/zhuerchong/.m2/repository/org/springframework/plugin/spring-plugin-core/1.2.0.RELEASE/spring-plugin-core-1.2.0.RELEASE.jar:/Users/zhuerchong/.m2/repository/org/springframework/plugin/spring-plugin-metadata/1.2.0.RELEASE/spring-plugin-metadata-1.2.0.RELEASE.jar:/Users/zhuerchong/.m2/repository/io/springfox/springfox-swagger-ui/2.4.0/springfox-swagger-ui-2.4.0.jar:/Users/zhuerchong/.m2/repository/com/github/xiaoymin/swagger-bootstrap-ui/1.6/swagger-bootstrap-ui-1.6.jar:/Users/zhuerchong/.m2/repository/org/slf4j/slf4j-api/1.7.21/slf4j-api-1.7.21.jar:/Users/zhuerchong/.m2/repository/org/slf4j/slf4j-log4j12/1.7.21/slf4j-log4j12-1.7.21.jar:/Users/zhuerchong/.m2/repository/log4j/log4j/1.2.17/log4j-1.2.17.jar:/Users/zhuerchong/.m2/repository/org/mybatis/spring/boot/mybatis-spring-boot-starter/2.1.0/mybatis-spring-boot-starter-2.1.0.jar:/Users/zhuerchong/.m2/repository/org/springframework/boot/spring-boot-starter-jdbc/2.1.5.RELEASE/spring-boot-starter-jdbc-2.1.5.RELEASE.jar:/Users/zhuerchong/.m2/repository/com/zaxxer/HikariCP/3.2.0/HikariCP-3.2.0.jar:/Users/zhuerchong/.m2/repository/org/springframework/spring-jdbc/5.1.7.RELEASE/spring-jdbc-5.1.7.RELEASE.jar:/Users/zhuerchong/.m2/repository/org/mybatis/spring/boot/mybatis-spring-boot-autoconfigure/2.1.0/mybatis-spring-boot-autoconfigure-2.1.0.jar:/Users/zhuerchong/.m2/repository/org/mybatis/mybatis/3.5.2/mybatis-3.5.2.jar:/Users/zhuerchong/.m2/repository/org/mybatis/mybatis-spring/2.0.2/mybatis-spring-2.0.2.jar:/Users/zhuerchong/.m2/repository/tk/mybatis/mapper-spring-boot-starter/2.1.5/mapper-spring-boot-starter-2.1.5.jar:/Users/zhuerchong/.m2/repository/tk/mybatis/mapper-core/1.1.5/mapper-core-1.1.5.jar:/Users/zhuerchong/.m2/repository/javax/persistence/persistence-api/1.0/persistence-api-1.0.jar:/Users/zhuerchong/.m2/repository/tk/mybatis/mapper-base/1.1.5/mapper-base-1.1.5.jar:/Users/zhuerchong/.m2/repository/tk/mybatis/mapper-weekend/1.1.5/mapper-weekend-1.1.5.jar:/Users/zhuerchong/.m2/repository/tk/mybatis/mapper-spring/1.1.5/mapper-spring-1.1.5.jar:/Users/zhuerchong/.m2/repository/tk/mybatis/mapper-extra/1.1.5/mapper-extra-1.1.5.jar:/Users/zhuerchong/.m2/repository/tk/mybatis/mapper-spring-boot-autoconfigure/2.1.5/mapper-spring-boot-autoconfigure-2.1.5.jar:/Users/zhuerchong/.m2/repository/com/github/pagehelper/pagehelper-spring-boot-starter/1.2.12/pagehelper-spring-boot-starter-1.2.12.jar:/Users/zhuerchong/.m2/repository/com/github/pagehelper/pagehelper-spring-boot-autoconfigure/1.2.12/pagehelper-spring-boot-autoconfigure-1.2.12.jar:/Users/zhuerchong/.m2/repository/com/github/pagehelper/pagehelper/5.1.10/pagehelper-5.1.10.jar:/Users/zhuerchong/.m2/repository/com/github/jsqlparser/jsqlparser/2.0/jsqlparser-2.0.jar:/Users/zhuerchong/.m2/repository/commons-codec/commons-codec/1.11/commons-codec-1.11.jar:/Users/zhuerchong/.m2/repository/org/apache/commons/commons-lang3/3.4/commons-lang3-3.4.jar:/Users/zhuerchong/.m2/repository/commons-io/commons-io/1.3.2/commons-io-1.3.2.jar:/Users/zhuerchong/.m2/repository/org/springframework/boot/spring-boot-starter-data-redis/2.1.5.RELEASE/spring-boot-starter-data-redis-2.1.5.RELEASE.jar:/Users/zhuerchong/.m2/repository/org/springframework/data/spring-data-redis/2.1.8.RELEASE/spring-data-redis-2.1.8.RELEASE.jar:/Users/zhuerchong/.m2/repository/org/springframework/data/spring-data-keyvalue/2.1.8.RELEASE/spring-data-keyvalue-2.1.8.RELEASE.jar:/Users/zhuerchong/.m2/repository/org/springframework/spring-oxm/5.1.7.RELEASE/spring-oxm-5.1.7.RELEASE.jar:/Users/zhuerchong/.m2/repository/org/springframework/spring-context-support/5.1.7.RELEASE/spring-context-support-5.1.7.RELEASE.jar:/Users/zhuerchong/.m2/repository/io/lettuce/lettuce-core/5.1.6.RELEASE/lettuce-core-5.1.6.RELEASE.jar:/Users/zhuerchong/.m2/repository/io/netty/netty-common/4.1.36.Final/netty-common-4.1.36.Final.jar:/Users/zhuerchong/.m2/repository/io/netty/netty-handler/4.1.36.Final/netty-handler-4.1.36.Final.jar:/Users/zhuerchong/.m2/repository/io/netty/netty-transport/4.1.36.Final/netty-transport-4.1.36.Final.jar:/Users/zhuerchong/.m2/repository/io/projectreactor/reactor-core/3.2.9.RELEASE/reactor-core-3.2.9.RELEASE.jar:/Users/zhuerchong/.m2/repository/org/reactivestreams/reactive-streams/1.0.2/reactive-streams-1.0.2.jar:/Users/zhuerchong/.m2/repository/org/projectlombok/lombok/1.18.10/lombok-1.18.10.jar:"/>
    <property name="java.vm.vendor" value="Oracle Corporation"/>
    <property name="sun.arch.data.model" value="64"/>
    <property name="java.vendor.url" value="http://java.oracle.com/"/>
    <property name="user.timezone" value=""/>
    <property name="java.vm.specification.version" value="1.8"/>
    <property name="os.name" value="Mac OS X"/>
    <property name="user.country" value="CN"/>
    <property name="sun.java.launcher" value="SUN_STANDARD"/>
    <property name="sun.boot.library.path" value="/Library/Java/JavaVirtualMachines/jdk1.8.0_191.jdk/Contents/Home/jre/lib"/>
    <property name="sun.java.command" value="/Users/zhuerchong/Desktop/code/idea/foodie-dev/foodie-search/target/surefire/surefirebooter7422607305438486819.jar /Users/zhuerchong/Desktop/code/idea/foodie-dev/foodie-search/target/surefire 2020-03-04T00-05-05_596-jvmRun1 surefire3303287639617779972tmp surefire_02236827003459777763tmp"/>
    <property name="surefire.test.class.path" value="/Users/zhuerchong/Desktop/code/idea/foodie-dev/foodie-search/target/test-classes:/Users/zhuerchong/Desktop/code/idea/foodie-dev/foodie-search/target/classes:/Users/zhuerchong/.m2/repository/org/springframework/boot/spring-boot-starter-data-elasticsearch/2.1.5.RELEASE/spring-boot-starter-data-elasticsearch-2.1.5.RELEASE.jar:/Users/zhuerchong/.m2/repository/org/springframework/data/spring-data-elasticsearch/3.1.8.RELEASE/spring-data-elasticsearch-3.1.8.RELEASE.jar:/Users/zhuerchong/.m2/repository/org/springframework/spring-context/5.1.7.RELEASE/spring-context-5.1.7.RELEASE.jar:/Users/zhuerchong/.m2/repository/org/springframework/spring-tx/5.1.7.RELEASE/spring-tx-5.1.7.RELEASE.jar:/Users/zhuerchong/.m2/repository/org/springframework/data/spring-data-commons/2.1.8.RELEASE/spring-data-commons-2.1.8.RELEASE.jar:/Users/zhuerchong/.m2/repository/joda-time/joda-time/2.10.2/joda-time-2.10.2.jar:/Users/zhuerchong/.m2/repository/org/elasticsearch/client/transport/6.4.3/transport-6.4.3.jar:/Users/zhuerchong/.m2/repository/org/elasticsearch/elasticsearch/6.4.3/elasticsearch-6.4.3.jar:/Users/zhuerchong/.m2/repository/org/elasticsearch/elasticsearch-core/6.4.3/elasticsearch-core-6.4.3.jar:/Users/zhuerchong/.m2/repository/org/elasticsearch/elasticsearch-secure-sm/6.4.3/elasticsearch-secure-sm-6.4.3.jar:/Users/zhuerchong/.m2/repository/org/elasticsearch/elasticsearch-x-content/6.4.3/elasticsearch-x-content-6.4.3.jar:/Users/zhuerchong/.m2/repository/com/fasterxml/jackson/dataformat/jackson-dataformat-smile/2.9.8/jackson-dataformat-smile-2.9.8.jar:/Users/zhuerchong/.m2/repository/com/fasterxml/jackson/dataformat/jackson-dataformat-yaml/2.9.8/jackson-dataformat-yaml-2.9.8.jar:/Users/zhuerchong/.m2/repository/com/fasterxml/jackson/dataformat/jackson-dataformat-cbor/2.9.8/jackson-dataformat-cbor-2.9.8.jar:/Users/zhuerchong/.m2/repository/org/apache/lucene/lucene-core/7.4.0/lucene-core-7.4.0.jar:/Users/zhuerchong/.m2/repository/org/apache/lucene/lucene-analyzers-common/7.4.0/lucene-analyzers-common-7.4.0.jar:/Users/zhuerchong/.m2/repository/org/apache/lucene/lucene-backward-codecs/7.4.0/lucene-backward-codecs-7.4.0.jar:/Users/zhuerchong/.m2/repository/org/apache/lucene/lucene-grouping/7.4.0/lucene-grouping-7.4.0.jar:/Users/zhuerchong/.m2/repository/org/apache/lucene/lucene-highlighter/7.4.0/lucene-highlighter-7.4.0.jar:/Users/zhuerchong/.m2/repository/org/apache/lucene/lucene-join/7.4.0/lucene-join-7.4.0.jar:/Users/zhuerchong/.m2/repository/org/apache/lucene/lucene-memory/7.4.0/lucene-memory-7.4.0.jar:/Users/zhuerchong/.m2/repository/org/apache/lucene/lucene-misc/7.4.0/lucene-misc-7.4.0.jar:/Users/zhuerchong/.m2/repository/org/apache/lucene/lucene-queries/7.4.0/lucene-queries-7.4.0.jar:/Users/zhuerchong/.m2/repository/org/apache/lucene/lucene-queryparser/7.4.0/lucene-queryparser-7.4.0.jar:/Users/zhuerchong/.m2/repository/org/apache/lucene/lucene-sandbox/7.4.0/lucene-sandbox-7.4.0.jar:/Users/zhuerchong/.m2/repository/org/apache/lucene/lucene-spatial/7.4.0/lucene-spatial-7.4.0.jar:/Users/zhuerchong/.m2/repository/org/apache/lucene/lucene-spatial-extras/7.4.0/lucene-spatial-extras-7.4.0.jar:/Users/zhuerchong/.m2/repository/org/apache/lucene/lucene-spatial3d/7.4.0/lucene-spatial3d-7.4.0.jar:/Users/zhuerchong/.m2/repository/org/apache/lucene/lucene-suggest/7.4.0/lucene-suggest-7.4.0.jar:/Users/zhuerchong/.m2/repository/org/elasticsearch/elasticsearch-cli/6.4.3/elasticsearch-cli-6.4.3.jar:/Users/zhuerchong/.m2/repository/net/sf/jopt-simple/jopt-simple/5.0.2/jopt-simple-5.0.2.jar:/Users/zhuerchong/.m2/repository/com/carrotsearch/hppc/0.7.1/hppc-0.7.1.jar:/Users/zhuerchong/.m2/repository/com/tdunning/t-digest/3.2/t-digest-3.2.jar:/Users/zhuerchong/.m2/repository/org/hdrhistogram/HdrHistogram/2.1.9/HdrHistogram-2.1.9.jar:/Users/zhuerchong/.m2/repository/org/apache/logging/log4j/log4j-api/2.11.2/log4j-api-2.11.2.jar:/Users/zhuerchong/.m2/repository/org/elasticsearch/jna/4.5.1/jna-4.5.1.jar:/Users/zhuerchong/.m2/repository/org/elasticsearch/plugin/reindex-client/6.4.3/reindex-client-6.4.3.jar:/Users/zhuerchong/.m2/repository/org/elasticsearch/client/elasticsearch-rest-client/6.4.3/elasticsearch-rest-client-6.4.3.jar:/Users/zhuerchong/.m2/repository/org/apache/httpcomponents/httpclient/4.5.8/httpclient-4.5.8.jar:/Users/zhuerchong/.m2/repository/org/apache/httpcomponents/httpcore/4.4.11/httpcore-4.4.11.jar:/Users/zhuerchong/.m2/repository/org/apache/httpcomponents/httpasyncclient/4.1.4/httpasyncclient-4.1.4.jar:/Users/zhuerchong/.m2/repository/org/apache/httpcomponents/httpcore-nio/4.4.11/httpcore-nio-4.4.11.jar:/Users/zhuerchong/.m2/repository/org/elasticsearch/plugin/lang-mustache-client/6.4.3/lang-mustache-client-6.4.3.jar:/Users/zhuerchong/.m2/repository/com/github/spullara/mustache/java/compiler/0.9.3/compiler-0.9.3.jar:/Users/zhuerchong/.m2/repository/org/elasticsearch/plugin/percolator-client/6.4.3/percolator-client-6.4.3.jar:/Users/zhuerchong/.m2/repository/org/elasticsearch/plugin/parent-join-client/6.4.3/parent-join-client-6.4.3.jar:/Users/zhuerchong/.m2/repository/org/elasticsearch/plugin/rank-eval-client/6.4.3/rank-eval-client-6.4.3.jar:/Users/zhuerchong/.m2/repository/com/fasterxml/jackson/core/jackson-core/2.9.8/jackson-core-2.9.8.jar:/Users/zhuerchong/.m2/repository/com/fasterxml/jackson/core/jackson-databind/2.9.8/jackson-databind-2.9.8.jar:/Users/zhuerchong/.m2/repository/org/elasticsearch/plugin/transport-netty4-client/6.4.3/transport-netty4-client-6.4.3.jar:/Users/zhuerchong/.m2/repository/io/netty/netty-buffer/4.1.36.Final/netty-buffer-4.1.36.Final.jar:/Users/zhuerchong/.m2/repository/io/netty/netty-codec/4.1.36.Final/netty-codec-4.1.36.Final.jar:/Users/zhuerchong/.m2/repository/io/netty/netty-codec-http/4.1.36.Final/netty-codec-http-4.1.36.Final.jar:/Users/zhuerchong/.m2/repository/io/netty/netty-resolver/4.1.36.Final/netty-resolver-4.1.36.Final.jar:/Users/zhuerchong/.m2/repository/org/springframework/boot/spring-boot-starter-test/2.1.5.RELEASE/spring-boot-starter-test-2.1.5.RELEASE.jar:/Users/zhuerchong/.m2/repository/org/springframework/boot/spring-boot-test/2.1.5.RELEASE/spring-boot-test-2.1.5.RELEASE.jar:/Users/zhuerchong/.m2/repository/org/springframework/boot/spring-boot-test-autoconfigure/2.1.5.RELEASE/spring-boot-test-autoconfigure-2.1.5.RELEASE.jar:/Users/zhuerchong/.m2/repository/com/jayway/jsonpath/json-path/2.4.0/json-path-2.4.0.jar:/Users/zhuerchong/.m2/repository/net/minidev/json-smart/2.3/json-smart-2.3.jar:/Users/zhuerchong/.m2/repository/net/minidev/accessors-smart/1.2/accessors-smart-1.2.jar:/Users/zhuerchong/.m2/repository/org/ow2/asm/asm/5.0.4/asm-5.0.4.jar:/Users/zhuerchong/.m2/repository/junit/junit/4.12/junit-4.12.jar:/Users/zhuerchong/.m2/repository/org/assertj/assertj-core/3.11.1/assertj-core-3.11.1.jar:/Users/zhuerchong/.m2/repository/org/mockito/mockito-core/2.23.4/mockito-core-2.23.4.jar:/Users/zhuerchong/.m2/repository/net/bytebuddy/byte-buddy/1.9.12/byte-buddy-1.9.12.jar:/Users/zhuerchong/.m2/repository/net/bytebuddy/byte-buddy-agent/1.9.12/byte-buddy-agent-1.9.12.jar:/Users/zhuerchong/.m2/repository/org/objenesis/objenesis/2.6/objenesis-2.6.jar:/Users/zhuerchong/.m2/repository/org/hamcrest/hamcrest-core/1.3/hamcrest-core-1.3.jar:/Users/zhuerchong/.m2/repository/org/hamcrest/hamcrest-library/1.3/hamcrest-library-1.3.jar:/Users/zhuerchong/.m2/repository/org/skyscreamer/jsonassert/1.5.0/jsonassert-1.5.0.jar:/Users/zhuerchong/.m2/repository/com/vaadin/external/google/android-json/0.0.20131108.vaadin1/android-json-0.0.20131108.vaadin1.jar:/Users/zhuerchong/.m2/repository/org/springframework/spring-core/5.1.7.RELEASE/spring-core-5.1.7.RELEASE.jar:/Users/zhuerchong/.m2/repository/org/springframework/spring-jcl/5.1.7.RELEASE/spring-jcl-5.1.7.RELEASE.jar:/Users/zhuerchong/.m2/repository/org/springframework/spring-test/5.1.7.RELEASE/spring-test-5.1.7.RELEASE.jar:/Users/zhuerchong/.m2/repository/org/xmlunit/xmlunit-core/2.6.2/xmlunit-core-2.6.2.jar:/Users/zhuerchong/.m2/repository/org/springframework/boot/spring-boot-starter/2.1.5.RELEASE/spring-boot-starter-2.1.5.RELEASE.jar:/Users/zhuerchong/.m2/repository/org/springframework/boot/spring-boot/2.1.5.RELEASE/spring-boot-2.1.5.RELEASE.jar:/Users/zhuerchong/.m2/repository/org/springframework/boot/spring-boot-autoconfigure/2.1.5.RELEASE/spring-boot-autoconfigure-2.1.5.RELEASE.jar:/Users/zhuerchong/.m2/repository/javax/annotation/javax.annotation-api/1.3.2/javax.annotation-api-1.3.2.jar:/Users/zhuerchong/.m2/repository/org/yaml/snakeyaml/1.23/snakeyaml-1.23.jar:/Users/zhuerchong/.m2/repository/org/springframework/boot/spring-boot-starter-web/2.1.5.RELEASE/spring-boot-starter-web-2.1.5.RELEASE.jar:/Users/zhuerchong/.m2/repository/org/springframework/boot/spring-boot-starter-json/2.1.5.RELEASE/spring-boot-starter-json-2.1.5.RELEASE.jar:/Users/zhuerchong/.m2/repository/com/fasterxml/jackson/datatype/jackson-datatype-jdk8/2.9.8/jackson-datatype-jdk8-2.9.8.jar:/Users/zhuerchong/.m2/repository/com/fasterxml/jackson/datatype/jackson-datatype-jsr310/2.9.8/jackson-datatype-jsr310-2.9.8.jar:/Users/zhuerchong/.m2/repository/com/fasterxml/jackson/module/jackson-module-parameter-names/2.9.8/jackson-module-parameter-names-2.9.8.jar:/Users/zhuerchong/.m2/repository/org/springframework/boot/spring-boot-starter-tomcat/2.1.5.RELEASE/spring-boot-starter-tomcat-2.1.5.RELEASE.jar:/Users/zhuerchong/.m2/repository/org/apache/tomcat/embed/tomcat-embed-core/9.0.19/tomcat-embed-core-9.0.19.jar:/Users/zhuerchong/.m2/repository/org/apache/tomcat/embed/tomcat-embed-el/9.0.19/tomcat-embed-el-9.0.19.jar:/Users/zhuerchong/.m2/repository/org/apache/tomcat/embed/tomcat-embed-websocket/9.0.19/tomcat-embed-websocket-9.0.19.jar:/Users/zhuerchong/.m2/repository/org/hibernate/validator/hibernate-validator/6.0.16.Final/hibernate-validator-6.0.16.Final.jar:/Users/zhuerchong/.m2/repository/javax/validation/validation-api/2.0.1.Final/validation-api-2.0.1.Final.jar:/Users/zhuerchong/.m2/repository/org/jboss/logging/jboss-logging/3.3.2.Final/jboss-logging-3.3.2.Final.jar:/Users/zhuerchong/.m2/repository/org/springframework/spring-web/5.1.7.RELEASE/spring-web-5.1.7.RELEASE.jar:/Users/zhuerchong/.m2/repository/org/springframework/spring-beans/5.1.7.RELEASE/spring-beans-5.1.7.RELEASE.jar:/Users/zhuerchong/.m2/repository/org/springframework/spring-webmvc/5.1.7.RELEASE/spring-webmvc-5.1.7.RELEASE.jar:/Users/zhuerchong/.m2/repository/org/springframework/spring-expression/5.1.7.RELEASE/spring-expression-5.1.7.RELEASE.jar:/Users/zhuerchong/.m2/repository/org/springframework/boot/spring-boot-configuration-processor/2.1.5.RELEASE/spring-boot-configuration-processor-2.1.5.RELEASE.jar:/Users/zhuerchong/.m2/repository/org/springframework/boot/spring-boot-starter-aop/2.1.5.RELEASE/spring-boot-starter-aop-2.1.5.RELEASE.jar:/Users/zhuerchong/.m2/repository/org/springframework/spring-aop/5.1.7.RELEASE/spring-aop-5.1.7.RELEASE.jar:/Users/zhuerchong/.m2/repository/org/aspectj/aspectjweaver/1.9.4/aspectjweaver-1.9.4.jar:/Users/zhuerchong/.m2/repository/mysql/mysql-connector-java/5.1.41/mysql-connector-java-5.1.41.jar:/Users/zhuerchong/.m2/repository/io/springfox/springfox-swagger2/2.4.0/springfox-swagger2-2.4.0.jar:/Users/zhuerchong/.m2/repository/io/swagger/swagger-annotations/1.5.6/swagger-annotations-1.5.6.jar:/Users/zhuerchong/.m2/repository/io/swagger/swagger-models/1.5.6/swagger-models-1.5.6.jar:/Users/zhuerchong/.m2/repository/com/fasterxml/jackson/core/jackson-annotations/2.9.0/jackson-annotations-2.9.0.jar:/Users/zhuerchong/.m2/repository/io/springfox/springfox-spi/2.4.0/springfox-spi-2.4.0.jar:/Users/zhuerchong/.m2/repository/io/springfox/springfox-core/2.4.0/springfox-core-2.4.0.jar:/Users/zhuerchong/.m2/repository/io/springfox/springfox-schema/2.4.0/springfox-schema-2.4.0.jar:/Users/zhuerchong/.m2/repository/io/springfox/springfox-swagger-common/2.4.0/springfox-swagger-common-2.4.0.jar:/Users/zhuerchong/.m2/repository/io/springfox/springfox-spring-web/2.4.0/springfox-spring-web-2.4.0.jar:/Users/zhuerchong/.m2/repository/com/google/guava/guava/18.0/guava-18.0.jar:/Users/zhuerchong/.m2/repository/com/fasterxml/classmate/1.4.0/classmate-1.4.0.jar:/Users/zhuerchong/.m2/repository/org/springframework/plugin/spring-plugin-core/1.2.0.RELEASE/spring-plugin-core-1.2.0.RELEASE.jar:/Users/zhuerchong/.m2/repository/org/springframework/plugin/spring-plugin-metadata/1.2.0.RELEASE/spring-plugin-metadata-1.2.0.RELEASE.jar:/Users/zhuerchong/.m2/repository/io/springfox/springfox-swagger-ui/2.4.0/springfox-swagger-ui-2.4.0.jar:/Users/zhuerchong/.m2/repository/com/github/xiaoymin/swagger-bootstrap-ui/1.6/swagger-bootstrap-ui-1.6.jar:/Users/zhuerchong/.m2/repository/org/slf4j/slf4j-api/1.7.21/slf4j-api-1.7.21.jar:/Users/zhuerchong/.m2/repository/org/slf4j/slf4j-log4j12/1.7.21/slf4j-log4j12-1.7.21.jar:/Users/zhuerchong/.m2/repository/log4j/log4j/1.2.17/log4j-1.2.17.jar:/Users/zhuerchong/.m2/repository/org/mybatis/spring/boot/mybatis-spring-boot-starter/2.1.0/mybatis-spring-boot-starter-2.1.0.jar:/Users/zhuerchong/.m2/repository/org/springframework/boot/spring-boot-starter-jdbc/2.1.5.RELEASE/spring-boot-starter-jdbc-2.1.5.RELEASE.jar:/Users/zhuerchong/.m2/repository/com/zaxxer/HikariCP/3.2.0/HikariCP-3.2.0.jar:/Users/zhuerchong/.m2/repository/org/springframework/spring-jdbc/5.1.7.RELEASE/spring-jdbc-5.1.7.RELEASE.jar:/Users/zhuerchong/.m2/repository/org/mybatis/spring/boot/mybatis-spring-boot-autoconfigure/2.1.0/mybatis-spring-boot-autoconfigure-2.1.0.jar:/Users/zhuerchong/.m2/repository/org/mybatis/mybatis/3.5.2/mybatis-3.5.2.jar:/Users/zhuerchong/.m2/repository/org/mybatis/mybatis-spring/2.0.2/mybatis-spring-2.0.2.jar:/Users/zhuerchong/.m2/repository/tk/mybatis/mapper-spring-boot-starter/2.1.5/mapper-spring-boot-starter-2.1.5.jar:/Users/zhuerchong/.m2/repository/tk/mybatis/mapper-core/1.1.5/mapper-core-1.1.5.jar:/Users/zhuerchong/.m2/repository/javax/persistence/persistence-api/1.0/persistence-api-1.0.jar:/Users/zhuerchong/.m2/repository/tk/mybatis/mapper-base/1.1.5/mapper-base-1.1.5.jar:/Users/zhuerchong/.m2/repository/tk/mybatis/mapper-weekend/1.1.5/mapper-weekend-1.1.5.jar:/Users/zhuerchong/.m2/repository/tk/mybatis/mapper-spring/1.1.5/mapper-spring-1.1.5.jar:/Users/zhuerchong/.m2/repository/tk/mybatis/mapper-extra/1.1.5/mapper-extra-1.1.5.jar:/Users/zhuerchong/.m2/repository/tk/mybatis/mapper-spring-boot-autoconfigure/2.1.5/mapper-spring-boot-autoconfigure-2.1.5.jar:/Users/zhuerchong/.m2/repository/com/github/pagehelper/pagehelper-spring-boot-starter/1.2.12/pagehelper-spring-boot-starter-1.2.12.jar:/Users/zhuerchong/.m2/repository/com/github/pagehelper/pagehelper-spring-boot-autoconfigure/1.2.12/pagehelper-spring-boot-autoconfigure-1.2.12.jar:/Users/zhuerchong/.m2/repository/com/github/pagehelper/pagehelper/5.1.10/pagehelper-5.1.10.jar:/Users/zhuerchong/.m2/repository/com/github/jsqlparser/jsqlparser/2.0/jsqlparser-2.0.jar:/Users/zhuerchong/.m2/repository/commons-codec/commons-codec/1.11/commons-codec-1.11.jar:/Users/zhuerchong/.m2/repository/org/apache/commons/commons-lang3/3.4/commons-lang3-3.4.jar:/Users/zhuerchong/.m2/repository/commons-io/commons-io/1.3.2/commons-io-1.3.2.jar:/Users/zhuerchong/.m2/repository/org/springframework/boot/spring-boot-starter-data-redis/2.1.5.RELEASE/spring-boot-starter-data-redis-2.1.5.RELEASE.jar:/Users/zhuerchong/.m2/repository/org/springframework/data/spring-data-redis/2.1.8.RELEASE/spring-data-redis-2.1.8.RELEASE.jar:/Users/zhuerchong/.m2/repository/org/springframework/data/spring-data-keyvalue/2.1.8.RELEASE/spring-data-keyvalue-2.1.8.RELEASE.jar:/Users/zhuerchong/.m2/repository/org/springframework/spring-oxm/5.1.7.RELEASE/spring-oxm-5.1.7.RELEASE.jar:/Users/zhuerchong/.m2/repository/org/springframework/spring-context-support/5.1.7.RELEASE/spring-context-support-5.1.7.RELEASE.jar:/Users/zhuerchong/.m2/repository/io/lettuce/lettuce-core/5.1.6.RELEASE/lettuce-core-5.1.6.RELEASE.jar:/Users/zhuerchong/.m2/repository/io/netty/netty-common/4.1.36.Final/netty-common-4.1.36.Final.jar:/Users/zhuerchong/.m2/repository/io/netty/netty-handler/4.1.36.Final/netty-handler-4.1.36.Final.jar:/Users/zhuerchong/.m2/repository/io/netty/netty-transport/4.1.36.Final/netty-transport-4.1.36.Final.jar:/Users/zhuerchong/.m2/repository/io/projectreactor/reactor-core/3.2.9.RELEASE/reactor-core-3.2.9.RELEASE.jar:/Users/zhuerchong/.m2/repository/org/reactivestreams/reactive-streams/1.0.2/reactive-streams-1.0.2.jar:/Users/zhuerchong/.m2/repository/org/projectlombok/lombok/1.18.10/lombok-1.18.10.jar:"/>
    <property name="sun.cpu.endian" value="little"/>
    <property name="user.home" value="/Users/zhuerchong"/>
    <property name="user.language" value="zh"/>
    <property name="java.specification.vendor" value="Oracle Corporation"/>
    <property name="java.home" value="/Library/Java/JavaVirtualMachines/jdk1.8.0_191.jdk/Contents/Home/jre"/>
    <property name="basedir" value="/Users/zhuerchong/Desktop/code/idea/foodie-dev/foodie-search"/>
    <property name="file.separator" value="/"/>
    <property name="line.separator" value="&#10;"/>
    <property name="java.vm.specification.vendor" value="Oracle Corporation"/>
    <property name="java.specification.name" value="Java Platform API Specification"/>
    <property name="java.awt.graphicsenv" value="sun.awt.CGraphicsEnvironment"/>
    <property name="surefire.real.class.path" value="/Users/zhuerchong/Desktop/code/idea/foodie-dev/foodie-search/target/surefire/surefirebooter7422607305438486819.jar"/>
    <property name="sun.boot.class.path" value="/Library/Java/JavaVirtualMachines/jdk1.8.0_191.jdk/Contents/Home/jre/lib/resources.jar:/Library/Java/JavaVirtualMachines/jdk1.8.0_191.jdk/Contents/Home/jre/lib/rt.jar:/Library/Java/JavaVirtualMachines/jdk1.8.0_191.jdk/Contents/Home/jre/lib/sunrsasign.jar:/Library/Java/JavaVirtualMachines/jdk1.8.0_191.jdk/Contents/Home/jre/lib/jsse.jar:/Library/Java/JavaVirtualMachines/jdk1.8.0_191.jdk/Contents/Home/jre/lib/jce.jar:/Library/Java/JavaVirtualMachines/jdk1.8.0_191.jdk/Contents/Home/jre/lib/charsets.jar:/Library/Java/JavaVirtualMachines/jdk1.8.0_191.jdk/Contents/Home/jre/lib/jfr.jar:/Library/Java/JavaVirtualMachines/jdk1.8.0_191.jdk/Contents/Home/jre/classes"/>
    <property name="sun.management.compiler" value="HotSpot 64-Bit Tiered Compilers"/>
    <property name="java.runtime.version" value="1.8.0_191-b12"/>
    <property name="user.name" value="zhuerchong"/>
    <property name="path.separator" value=":"/>
    <property name="os.version" value="10.13.6"/>
    <property name="java.endorsed.dirs" value="/Library/Java/JavaVirtualMachines/jdk1.8.0_191.jdk/Contents/Home/jre/lib/endorsed"/>
    <property name="java.runtime.name" value="Java(TM) SE Runtime Environment"/>
    <property name="file.encoding" value="UTF-8"/>
    <property name="java.vm.name" value="Java HotSpot(TM) 64-Bit Server VM"/>
    <property name="localRepository" value="/Users/zhuerchong/.m2/repository"/>
    <property name="java.vendor.url.bug" value="http://bugreport.sun.com/bugreport/"/>
    <property name="java.io.tmpdir" value="/var/folders/25/_jhgp_md7d9_fnq6wd1qs75c0000gn/T/"/>
    <property name="java.version" value="1.8.0_191"/>
    <property name="user.dir" value="/Users/zhuerchong/Desktop/code/idea/foodie-dev/foodie-search"/>
    <property name="os.arch" value="x86_64"/>
    <property name="java.vm.specification.name" value="Java Virtual Machine Specification"/>
    <property name="java.awt.printerjob" value="sun.lwawt.macosx.CPrinterJob"/>
    <property name="sun.os.patch.level" value="unknown"/>
    <property name="java.library.path" value="/Users/zhuerchong/Library/Java/Extensions:/Library/Java/Extensions:/Network/Library/Java/Extensions:/System/Library/Java/Extensions:/usr/lib/java:."/>
    <property name="java.vm.info" value="mixed mode"/>
    <property name="java.vendor" value="Oracle Corporation"/>
    <property name="java.vm.version" value="25.191-b12"/>
    <property name="idea.version2019.3" value="true"/>
    <property name="java.ext.dirs" value="/Users/zhuerchong/Library/Java/Extensions:/Library/Java/JavaVirtualMachines/jdk1.8.0_191.jdk/Contents/Home/jre/lib/ext:/Library/Java/Extensions:/Network/Library/Java/Extensions:/System/Library/Java/Extensions:/usr/lib/java"/>
    <property name="sun.io.unicode.encoding" value="UnicodeBig"/>
    <property name="java.class.version" value="52.0"/>
  </properties>
  <testcase name="createIndex" classname="ESTest" time="1.488"/>
</testsuite>